<?xml version="1.0" encoding="UTF-8"?>
<!-- Generated by org.testng.reporters.JUnitReportReporter -->
<testsuite skipped="0" hostname="NIRANJAN" name="com.facebook.test.LogOut" tests="1" failures="0" timestamp="28 Jun 2019 09:33:03 GMT" time="72.801" errors="0">
  <testcase name="logOut" time="72.801" classname="com.facebook.test.LogOut"/>
</testsuite> <!-- com.facebook.test.LogOut -->
